<?xml version="1.0" encoding="UTF-8"?>
<testng-results skipped="0" failed="0" ignored="0" total="2" passed="2">
  <reporter-output>
  </reporter-output>
  <suite name="ActiTime Cucumber Automation" duration-ms="155694" started-at="2021-03-16T13:49:41Z" finished-at="2021-03-16T13:52:17Z">
    <groups>
      <group name="cucumber">
        <method signature="DriverScript.feature(cucumber.api.testng.CucumberFeatureWrapper)[pri:0, instance:com.sgtesting.actitime.testsuite.DriverScript@52af6cff]" name="feature" class="com.sgtesting.actitime.testsuite.DriverScript"/>
      </group> <!-- cucumber -->
    </groups>
    <test name="Test SCenarios" duration-ms="155694" started-at="2021-03-16T13:49:41Z" finished-at="2021-03-16T13:52:17Z">
      <class name="com.sgtesting.actitime.testsuite.DriverScript">
        <test-method status="PASS" signature="setUpClass()[pri:0, instance:com.sgtesting.actitime.testsuite.DriverScript@52af6cff]" name="setUpClass" is-config="true" duration-ms="302" started-at="2021-03-16T19:19:41Z" finished-at="2021-03-16T19:19:42Z">
          <reporter-output>
          </reporter-output>
        </test-method> <!-- setUpClass -->
        <test-method status="PASS" signature="feature(cucumber.api.testng.CucumberFeatureWrapper)[pri:0, instance:com.sgtesting.actitime.testsuite.DriverScript@52af6cff]" name="feature" duration-ms="60865" started-at="2021-03-16T19:19:42Z" description="Runs Cucumber Feature" data-provider="features" finished-at="2021-03-16T19:20:43Z">
          <params>
            <param index="0">
              <value>
                <![CDATA[Login and Logout functionality]]>
              </value>
            </param>
          </params>
          <reporter-output>
          </reporter-output>
        </test-method> <!-- feature -->
        <test-method status="PASS" signature="feature(cucumber.api.testng.CucumberFeatureWrapper)[pri:0, instance:com.sgtesting.actitime.testsuite.DriverScript@52af6cff]" name="feature" duration-ms="93164" started-at="2021-03-16T19:20:43Z" description="Runs Cucumber Feature" data-provider="features" finished-at="2021-03-16T19:22:16Z">
          <params>
            <param index="0">
              <value>
                <![CDATA[Create User Scenarios]]>
              </value>
            </param>
          </params>
          <reporter-output>
          </reporter-output>
        </test-method> <!-- feature -->
        <test-method status="PASS" signature="tearDownClass()[pri:0, instance:com.sgtesting.actitime.testsuite.DriverScript@52af6cff]" name="tearDownClass" is-config="true" duration-ms="994" started-at="2021-03-16T19:22:16Z" finished-at="2021-03-16T19:22:17Z">
          <reporter-output>
          </reporter-output>
        </test-method> <!-- tearDownClass -->
        <test-method status="PASS" signature="writeExtentReport()[pri:0, instance:com.sgtesting.actitime.testsuite.DriverScript@52af6cff]" name="writeExtentReport" is-config="true" duration-ms="229" started-at="2021-03-16T19:22:17Z" finished-at="2021-03-16T19:22:17Z">
          <reporter-output>
          </reporter-output>
        </test-method> <!-- writeExtentReport -->
      </class> <!-- com.sgtesting.actitime.testsuite.DriverScript -->
    </test> <!-- Test SCenarios -->
  </suite> <!-- ActiTime Cucumber Automation -->
</testng-results>
